<?xml version="1.0" encoding="UTF-8"?>
<!-- Generated by org.testng.reporters.JUnitReportReporter -->
<testsuite skipped="1" hostname="VAIO" name="Academy.E2EProject.ValidateTitle" tests="2" failures="0" timestamp="2020-05-28T15:50:55 IST" time="0.079" errors="0">
  <testcase name="basePageNavigation" time="0.079" classname="Academy.E2EProject.ValidateTitle"/>
  <system-out/>
  <testcase name="veryFirst" classname="Academy.E2EProject.ValidateTitle">
    <skipped/>
  </testcase> <!-- veryFirst -->
  <system-out/>
</testsuite> <!-- Academy.E2EProject.ValidateTitle -->
