<?xml version="1.0" encoding="UTF-8"?>
<!-- Generated by org.testng.reporters.JUnitReportReporter -->
<testsuite skipped="0" hostname="VAIO" name="Academy.E2EProject.ValidateNavigationBar" tests="2" failures="0" timestamp="2020-05-28T15:50:55 IST" time="14.311" errors="0">
  <testcase name="basePageNavigation" time="12.308" classname="Academy.E2EProject.ValidateNavigationBar"/>
  <system-out/>
  <testcase name="veryFirst" time="2.003" classname="Academy.E2EProject.ValidateNavigationBar"/>
  <system-out/>
</testsuite> <!-- Academy.E2EProject.ValidateNavigationBar -->
