<?xml version="1.0" encoding="UTF-8"?>
<!-- Generated by org.testng.reporters.JUnitReportReporter -->
<testsuite hostname="VAIO" name="Academy.E2EProject.ValidateTitle" tests="1" failures="0" timestamp="28 May 2020 10:19:00 GMT" time="1.567" errors="0">
  <testcase name="basePageNavigation" time="1.567" classname="Academy.E2EProject.ValidateTitle"/>
</testsuite> <!-- Academy.E2EProject.ValidateTitle -->
