<?xml version="1.0" encoding="UTF-8"?>
<!-- Generated by org.testng.reporters.JUnitReportReporter -->
<testsuite hostname="VAIO" name="Academy.E2EProject.ValidateNavigationBar" tests="2" failures="0" timestamp="28 May 2020 10:19:00 GMT" time="14.271" errors="0">
  <testcase name="veryFirst" time="2.000" classname="Academy.E2EProject.ValidateNavigationBar"/>
  <testcase name="basePageNavigation" time="12.271" classname="Academy.E2EProject.ValidateNavigationBar"/>
</testsuite> <!-- Academy.E2EProject.ValidateNavigationBar -->
